This is mikTeX, Version 3.141592653 (MiKTeX 21.12) (preloaded format=tex 2022.1.26)  26 JAN 2022 13:22
 restricted \write18 enabled.
 %&-line parsing enabled.
**./CS-4720-HW_Template.tex
(CS-4720-HW_Template.tex
! Undefined control sequence.
l.1 \documentclass
                  [11pt]{article}
? 
! Undefined control sequence.
l.2 \usepackage
               [margin=1in]{geometry}
? 
! Undefined control sequence.
l.5 \usepackage
               {fancyhdr,amssymb,amsmath, graphicx, listings,float,subfig,en...

? 
! Undefined control sequence.
l.6 \usepackage
               [usenames,dvipsnames]{xcolor}
? 
! Undefined control sequence.
l.7 \usepackage
               {hyperref}
? 
! Undefined control sequence.
l.8 \usepackage
               {graphicx}
? ^^[Q
Type <return> to proceed, S to scroll future error messages,
R to run without stopping, Q to run quietly,
I to insert something, E to edit your file,
1 or ... or 9 to ignore the next 1 to 9 tokens of input,
H for help, X to quit.
? x
No pages of output.
