INFO:alive_progress:- - - - - - - - - - - - - - - - - - - - - - - - - - - - - - - - - - - - - - - - - - - - 
INFO:alive_progress:- - - - - - - - - - - - - -  - - Test Proof Of Concept - - - - - - - - - - - - - - - - -
INFO:alive_progress:- - - - - - - - - - - - - - - - - - - - - - - - - - - - - - - - - - - - - - - - - - - - 
on 0: INFO:alive_progress:	Iteration   0 : CTF : 0.0000
on 3: INFO:alive_progress:	Graph-TestDefault: 0.3511450381679389
INFO:alive_progress:- - - - - - - - - - - - - - - - - - - - - - - - - - - - - - - - - - - - - - - - - - - - 
INFO:alive_progress:- - - - - - - - - - - - - Average Test Run (Limited Verbosity) - - - - - - - - - - - - -
INFO:alive_progress:- - - - - - - - - - - - - - - - - - - - - - - - - - - - - - - - - - - - - - - - - - - - 
INFO:alive_progress:Graph -Total 003Episode - T-Value -  Open Spots - Split Ratio 
INFO:alive_progress:EPSD-000-TVAL0.3-OPEN0.1-MIXD0.4
on 0: INFO:alive_progress:	Iteration   0 : CTF : 0.0000
on 10: INFO:alive_progress:	Iteration  10 : CTF : 0.6762
on 20: INFO:alive_progress:	Iteration  20 : CTF : 0.7453
on 30: INFO:alive_progress:	Iteration  30 : CTF : 0.7801
on 40: INFO:alive_progress:	Iteration  40 : CTF : 0.8010
on 50: INFO:alive_progress:	Graph-000: 0.8165416925071883
INFO:alive_progress:	Average Run Reults 3:{0: 0.5288673175687115, 1: 0.5637277037706029, 2: 0.5786859336193272, 3: 0.6048728216118662, 4: 0.6136530324400564, 5: 0.6363892806770098, 6: 0.6543279539555354, 7: 0.6587265748475954, 8: 0.6668547886449574, 9: 0.6761587910228939, 10: 0.6898088094298122, 11: 0.6973713898916968, 12: 0.7003667136812411, 13: 0.7100338218714769, 14: 0.7208096070361392, 15: 0.7310360385765045, 16: 0.7358863008290565, 17: 0.7393901820436228, 18: 0.74577993564049, 19: 0.7453314527503526, 20: 0.7441899819494585, 21: 0.75, 22: 0.7532299012693935, 23: 0.7579024610521562, 24: 0.7599029454914795, 25: 0.7614425193295332, 26: 0.7641748942172073, 27: 0.7669563254711658, 28: 0.7750634696755995, 29: 0.7801422442989389, 30: 0.7803308304635014, 31: 0.7866132400248321, 32: 0.7885060064294174, 33: 0.7925166234644427, 34: 0.7978561354019746, 35: 0.7979041072736492, 36: 0.8015783540022547, 37: 0.7997970344477645, 38: 0.7980612072366567, 39: 0.800991940483571, 40: 0.8043833455405939, 41: 0.8035050152146963, 42: 0.8033461018476792, 43: 0.8009465321989971, 44: 0.8040254834526696, 45: 0.8022757999098693, 46: 0.8032232615800744, 47: 0.8049317232817966, 48: 0.8106462163076577, 49: 0.8165416925071883}
INFO:alive_progress:EPSD-001-TVAL0.3-OPEN0.1-MIXD0.4
on 0: INFO:alive_progress:	Iteration   0 : CTF : 0.0000
on 10: INFO:alive_progress:	Iteration  10 : CTF : 0.7005
on 20: INFO:alive_progress:	Iteration  20 : CTF : 0.7711
on 30: INFO:alive_progress:	Iteration  30 : CTF : 0.8060
on 40: INFO:alive_progress:	Iteration  40 : CTF : 0.8365
on 50: INFO:alive_progress:	Graph-001: 0.8555373581069633
INFO:alive_progress:	Average Run Reults 3:{0: 1.0608722848299443, 1: 1.128414992097539, 2: 1.1792053261558824, 3: 1.2184424761614259, 4: 1.243372542570425, 5: 1.2801653781829345, 6: 1.3135035609572294, 7: 1.3258636261007, 8: 1.354474696104612, 9: 1.3766612468463004, 10: 1.3945389968310313, 11: 1.4080923293147194, 12: 1.4199717912552892, 13: 1.4406380003017423, 14: 1.4561784201745782, 15: 1.4740755144899849, 16: 1.485420698932787, 17: 1.4962201662387007, 18: 1.5067869349631362, 19: 1.5164776978096413, 20: 1.5210583495267898, 21: 1.528392726040549, 22: 1.5327321305148363, 23: 1.5439757653950714, 24: 1.5511861837910335, 25: 1.554475884654436, 26: 1.5572510787769858, 27: 1.5651598167993392, 28: 1.5763285061018717, 29: 1.5860946924832726, 30: 1.5896959456916984, 31: 1.5974148896491471, 32: 1.6049570543928091, 33: 1.610549502962776, 34: 1.6190829767937505, 35: 1.6198350716259458, 36: 1.6258851253356257, 37: 1.6284523684964458, 38: 1.632420500171654, 39: 1.6374972773559944, 40: 1.6423570282649402, 41: 1.6465614335803145, 42: 1.6458110815132914, 43: 1.64239479247916, 44: 1.6458691346049514, 45: 1.6449933692327359, 46: 1.6520401136724674, 47: 1.6527013449644619, 48: 1.6614961626565592, 49: 1.6720790506141516}
INFO:alive_progress:EPSD-002-TVAL0.3-OPEN0.1-MIXD0.4
on 0: INFO:alive_progress:	Iteration   0 : CTF : 0.0000
on 10: INFO:alive_progress:	Iteration  10 : CTF : 0.6955
on 20: INFO:alive_progress:	Iteration  20 : CTF : 0.7579
on 30: INFO:alive_progress:	Iteration  30 : CTF : 0.7803
on 40: INFO:alive_progress:	Iteration  40 : CTF : 0.8097
on 50: INFO:alive_progress:	Graph-002: 0.8226306590742516
INFO:alive_progress:	Average Run Reults 3:{0: 1.5881501409653462, 1: 1.6936446501496776, 2: 1.768937343081129, 3: 1.839211880493556, 4: 1.8788749672913, 5: 1.9315001036189072, 6: 1.9866748428928225, 7: 2.0036671138821776, 8: 2.0446338203569536, 9: 2.0721293883892766, 10: 2.101091382079706, 11: 2.121257943033131, 12: 2.1443332954555485, 13: 2.172261450132633, 14: 2.196426447232075, 15: 2.2191183265674974, 16: 2.236266818066361, 17: 2.2507267007136895, 18: 2.2629876114005656, 19: 2.2743795514351977, 20: 2.2846906163136307, 21: 2.2882822786157773, 22: 2.2948354952220447, 23: 2.3099008569185857, 24: 2.318649004881615, 25: 2.326596414082766, 26: 2.3325427430953085, 27: 2.3414474309095614, 28: 2.354814157564915, 29: 2.3663832082051255, 30: 2.3775662013511196, 31: 2.3869893098247834, 32: 2.3978604618836568, 33: 2.404938867541415, 34: 2.415109317762963, 35: 2.4202181918017303, 36: 2.4315079773272874, 37: 2.432967880010437, 38: 2.4381090386115303, 39: 2.447192880512702, 40: 2.451899615015729, 41: 2.457487933157898, 42: 2.4596531600794864, 43: 2.4603511696419846, 44: 2.4653425517555405, 45: 2.4588039667524653, 46: 2.4686551516899273, 47: 2.474355243116783, 48: 2.4835858492598337, 49: 2.4947097096884034}
INFO:alive_progress:- - - - - - - - - - - - - - - - - - - - - - - - - - - - - - - - - - - - - - - - - - - - 
INFO:alive_progress:- - - - - - - - - - - - - Variation Test Run (Limited Verbosity) - - - - - - - - - - - -
INFO:alive_progress:- - - - - - - - - - - - - - - - - - - - - - - - - - - - - - - - - - - - - - - - - - - - 
INFO:alive_progress:Graph -Total 003Episode - T-Value -  Open Spots - Split Ratio 
INFO:alive_progress:EPSD-000-TVAL0.4-OPEN0.1-MIXD0.4
on 0: INFO:alive_progress:	Iteration   0 : CTF : 0.0000
on 10: INFO:alive_progress:	Iteration  10 : CTF : 0.7297
on 20: INFO:alive_progress:	Iteration  20 : CTF : 0.7840
on 30: INFO:alive_progress:	Iteration  30 : CTF : 0.8123
on 40: INFO:alive_progress:	Iteration  40 : CTF : 0.8247
on 50: INFO:alive_progress:	Graph-000: 0.8300141043723555
INFO:alive_progress:	Average Run Reults 3:{0: 0.542179559570864, 1: 0.5811695642357191, 2: 0.6168124118476728, 3: 0.6391537376586742, 4: 0.6602473598012085, 5: 0.6776286101083032, 6: 0.6963096715946282, 7: 0.7076376353790613, 8: 0.7235158143992784, 9: 0.7297175396064723, 10: 0.7372571106730499, 11: 0.7446976534296029, 12: 0.7538062478854178, 13: 0.7586304151624549, 14: 0.7660426299763167, 15: 0.765710421011103, 16: 0.775009863044581, 17: 0.7806859205776173, 18: 0.7818120313469019, 19: 0.7839742866809518, 20: 0.7864553964136687, 21: 0.7914459596528796, 22: 0.7942767012167643, 23: 0.7986142406489409, 24: 0.8006084849850695, 25: 0.8034818863034537, 26: 0.8054114994363022, 27: 0.8095667361541495, 28: 0.811499436302142, 29: 0.8122639914332412, 30: 0.8109921082299887, 31: 0.8132784760187116, 32: 0.8147125140924465, 33: 0.8152762119503946, 34: 0.8168489906394496, 35: 0.8195086216612194, 36: 0.8198376000902222, 37: 0.8213681956497239, 38: 0.8232542411091698, 39: 0.8246899661781285, 40: 0.8253073192737115, 41: 0.8265455776173285, 42: 0.8257584301342055, 43: 0.8287196256413147, 44: 0.8286906507274162, 45: 0.8301291086429498, 46: 0.8284070397111913, 47: 0.8301003721664599, 48: 0.8300428700361011, 49: 0.8300141043723555}
INFO:alive_progress:EPSD-001-TVAL0.4-OPEN0.1-MIXD0.4
on 0: INFO:alive_progress:	Iteration   0 : CTF : 0.0000
on 10: INFO:alive_progress:	Iteration  10 : CTF : 0.7342
on 20: INFO:alive_progress:	Iteration  20 : CTF : 0.7881
on 30: INFO:alive_progress:	Iteration  30 : CTF : 0.8032
on 40: INFO:alive_progress:	Iteration  40 : CTF : 0.8170
on 50: INFO:alive_progress:	Graph-001: 0.8256135401974612
INFO:alive_progress:	Average Run Reults 3:{0: 1.0850431523244053, 1: 1.1764627523388853, 2: 1.2339549465503024, 3: 1.2816320132483368, 4: 1.3294729186180971, 5: 1.3592596517867195, 6: 1.3969527221361444, 7: 1.4232536407969743, 8: 1.4477743009223414, 9: 1.4639118884869642, 10: 1.480024016092936, 11: 1.4945284296028882, 12: 1.513549071189236, 13: 1.5209194833942963, 14: 1.5333545550285206, 15: 1.5369518820848906, 16: 1.549960497741337, 17: 1.5604320418752196, 18: 1.5662374288883476, 19: 1.5720649599639112, 20: 1.5766115671302499, 21: 1.5848101397679906, 22: 1.5846647878593636, 23: 1.592343799688075, 24: 1.5951707593533007, 25: 1.602726019877461, 26: 1.6048133728140248, 27: 1.6100407232887846, 28: 1.6118602639505606, 29: 1.6154464764800758, 30: 1.6144567284760107, 31: 1.6184081265260397, 32: 1.624456508679116, 33: 1.624899406896243, 34: 1.6296943723920152, 35: 1.6339956566104865, 36: 1.6350010724690272, 37: 1.6381973677175816, 38: 1.6389502438153771, 39: 1.6417081233902633, 40: 1.6428893650614638, 41: 1.6455582715524484, 42: 1.6463897717351075, 43: 1.649767507881459, 44: 1.6514268989643697, 45: 1.6529025021040546, 46: 1.652387638662181, 47: 1.656533133899312, 48: 1.6564192238267148, 49: 1.6556276445698166}
INFO:alive_progress:EPSD-002-TVAL0.4-OPEN0.1-MIXD0.4
on 0: INFO:alive_progress:	Iteration   0 : CTF : 0.0000
on 10: INFO:alive_progress:	Iteration  10 : CTF : 0.7419
on 20: INFO:alive_progress:	Iteration  20 : CTF : 0.7910
on 30: INFO:alive_progress:	Iteration  30 : CTF : 0.8128
on 40: INFO:alive_progress:	Iteration  40 : CTF : 0.8262
on 50: INFO:alive_progress:	Graph-002: 0.8337650636332921
INFO:alive_progress:	Average Run Reults 3:{0: 1.6224577341282118, 1: 1.7580130261490812, 2: 1.85456292128382, 3: 1.9328512500963837, 4: 1.9950292896450263, 5: 2.0425882836626013, 6: 2.0980022650771217, 7: 2.1408018532701893, 8: 2.1796330076145884, 9: 2.205807361227563, 10: 2.2314342146488926, 11: 2.249759381043867, 12: 2.277434824180882, 13: 2.289837945106262, 14: 2.307349933487631, 15: 2.3142161553194054, 16: 2.333331410931867, 17: 2.344724763304999, 18: 2.3557615066129323, 19: 2.3630314649825195, 20: 2.3704887729711475, 21: 2.381935280692455, 22: 2.3836841194267424, 23: 2.3937866222096327, 24: 2.3987985196056667, 25: 2.40905770081482, 26: 2.4129630656506365, 27: 2.419551118240613, 28: 2.422255578738262, 29: 2.428199969044294, 30: 2.427755529219212, 31: 2.4349725091621526, 32: 2.4441083200487705, 33: 2.446895127135009, 34: 2.4521105931748934, 35: 2.4588012466025972, 36: 2.458202379584921, 37: 2.461226167807758, 38: 2.463311095262612, 39: 2.467929695108345, 40: 2.4707397481168942, 41: 2.4738337064941747, 42: 2.4755660568541886, 43: 2.4784659992122404, 44: 2.4811949692188167, 45: 2.484499822074777, 46: 2.4854207393151873, 47: 2.491228046288742, 48: 2.4901563357766836, 49: 2.4893927082031087}
INFO:alive_progress:- - - - - - - - - - - - - - - - - - - - - - - - - - - - - - - - - - - - - - - - - - - - 
INFO:alive_progress:- - - - - - - - - - - - - Variation Test Run (Limited Verbosity) - - - - - - - - - - - -
INFO:alive_progress:- - - - - - - - - - - - - - - - - - - - - - - - - - - - - - - - - - - - - - - - - - - - 
INFO:alive_progress:Graph -Total 003Episode - T-Value -  Open Spots - Split Ratio 
INFO:alive_progress:EPSD-000-TVAL0.4-OPEN0.1-MIXD0.4
on 0: INFO:alive_progress:	Iteration   0 : CTF : 0.0000
on 10: INFO:alive_progress:	Iteration  10 : CTF : 0.7351
on 20: INFO:alive_progress:	Iteration  20 : CTF : 0.7784
on 30: INFO:alive_progress:	Iteration  30 : CTF : 0.7957
on 40: INFO:alive_progress:	Iteration  40 : CTF : 0.8059
on 50: INFO:alive_progress:	Graph-000: 0.8133415967096738
INFO:alive_progress:	Average Run Reults 3:{0: 0.5436181017943799, 1: 0.5901879975159487, 2: 0.6211411479203115, 3: 0.6451230526078121, 4: 0.6607031999548507, 5: 0.6758297584104764, 6: 0.6961918194640339, 7: 0.7133991537376587, 8: 0.7290620946365123, 9: 0.7350851471749182, 10: 0.7368777132547781, 11: 0.7427233754512635, 12: 0.7505498843832835, 13: 0.7536076662908681, 14: 0.7575894368581424, 15: 0.7637071299638989, 16: 0.7656479079733844, 17: 0.7724530642160455, 18: 0.77271702367531, 19: 0.7783542947380294, 20: 0.778993065343632, 21: 0.7833342729886678, 22: 0.7856498194945848, 23: 0.7842960288808665, 24: 0.7863064688962833, 25: 0.7873780384637077, 26: 0.7909942444419366, 27: 0.794154158672836, 28: 0.7925177745175488, 29: 0.795699531576274, 30: 0.7953302126219616, 31: 0.7974291030050178, 32: 0.7994363021420519, 33: 0.7991204826069798, 34: 0.8014212396367943, 35: 0.8010483007383193, 36: 0.8023111612175874, 37: 0.8056276079846623, 38: 0.8056041044145008, 39: 0.8058860010148278, 40: 0.8064734408480884, 41: 0.804847801578354, 42: 0.8069097672321479, 43: 0.8074082426565936, 44: 0.8086569351293468, 45: 0.8088906417262944, 46: 0.8097357597611133, 47: 0.8113866967305524, 48: 0.8128592358841429, 49: 0.8133415967096738}
INFO:alive_progress:EPSD-001-TVAL0.4-OPEN0.1-MIXD0.4
on 0: INFO:alive_progress:	Iteration   0 : CTF : 0.0000
on 10: INFO:alive_progress:	Iteration  10 : CTF : 0.7251
on 20: INFO:alive_progress:	Iteration  20 : CTF : 0.7775
on 30: INFO:alive_progress:	Iteration  30 : CTF : 0.7961
on 40: INFO:alive_progress:	Iteration  40 : CTF : 0.8091
on 50: INFO:alive_progress:	Graph-001: 0.8187711386696731
INFO:alive_progress:	Average Run Reults 3:{0: 1.0876876199074597, 1: 1.1669699829553077, 2: 1.233769519435942, 3: 1.2787478763031577, 4: 1.314137281380361, 5: 1.354135263825639, 6: 1.3874669872492689, 7: 1.4190859034417675, 8: 1.445217329293552, 9: 1.4601795825360278, 10: 1.470496750133091, 11: 1.483729352670165, 12: 1.4983637066681919, 13: 1.508684381092312, 14: 1.515865901806538, 15: 1.5217680093325572, 16: 1.5311495990669584, 17: 1.5433486286639968, 18: 1.5480270574971815, 19: 1.5558816248405878, 20: 1.558004506475346, 21: 1.5646740667798673, 22: 1.5718551615434972, 23: 1.5713622749376488, 24: 1.573111359312645, 25: 1.578809831022896, 26: 1.585335674865202, 27: 1.5893192663027245, 28: 1.5903091993865555, 29: 1.591822601563877, 30: 1.5947325918292683, 31: 1.6002475922947585, 32: 1.6030972427221701, 33: 1.6064749144123631, 34: 1.6106499285770162, 35: 1.6092543538296793, 36: 1.6100424809516118, 37: 1.6145580922830216, 38: 1.61426938133151, 39: 1.6150179063135877, 40: 1.6169902643841307, 41: 1.6162025966395257, 42: 1.6211084815661954, 43: 1.6217511416812314, 44: 1.6226431855519772, 45: 1.6236720748042575, 46: 1.6242728072405312, 47: 1.6274268252319333, 48: 1.6299702092257424, 49: 1.632112735379347}
INFO:alive_progress:EPSD-002-TVAL0.4-OPEN0.1-MIXD0.4
on 0: INFO:alive_progress:	Iteration   0 : CTF : 0.0000
on 10: INFO:alive_progress:	Iteration  10 : CTF : 0.7397
on 20: INFO:alive_progress:	Iteration  20 : CTF : 0.7918
on 30: INFO:alive_progress:	Iteration  30 : CTF : 0.8080
on 40: INFO:alive_progress:	Iteration  40 : CTF : 0.8183
on 50: INFO:alive_progress:	Graph-002: 0.8194475760992108
INFO:alive_progress:	Average Run Reults 3:{0: 1.6242647253488687, 1: 1.750665573764318, 2: 1.8520242044664228, 3: 1.9274804456025423, 4: 1.9855626284066559, 5: 2.046503744295271, 6: 2.0923165327807993, 7: 2.1406841877693257, 8: 2.180214224229475, 9: 2.199881647765686, 10: 2.217222873411483, 11: 2.2422780492055447, 12: 2.26404511461043, 13: 2.278843397670636, 14: 2.290930748992734, 15: 2.3040137935522855, 16: 2.313996108596675, 17: 2.3315368055593035, 18: 2.3399733662220137, 19: 2.347651636114545, 20: 2.352562866096797, 21: 2.357979600421251, 22: 2.368867562896372, 23: 2.3699530302927787, 24: 2.371206704742601, 25: 2.3826429764569435, 26: 2.390136756799159, 27: 2.3963091197412814, 28: 2.3969935255997097, 29: 2.3998356749325236, 30: 2.402448728128902, 31: 2.4099511874711363, 32: 2.413396414506496, 33: 2.4177807815148826, 34: 2.4257882930024235, 35: 2.4243050866368945, 36: 2.4269026184473854, 37: 2.431669065624621, 38: 2.4304280381572467, 39: 2.433317528827532, 40: 2.4345829613299212, 41: 2.4337080917643634, 42: 2.439935990021663, 43: 2.4407783636842746, 44: 2.4417573521247258, 45: 2.4428378019744943, 46: 2.4433306230863554, 47: 2.446510407489725, 48: 2.449838281616789, 49: 2.451560311478558}
INFO:alive_progress:- - - - - - - - - - - - - - - - - - - - - - - - - - - - - - - - - - - - - - - - - - - - 
INFO:alive_progress:- - - - - - - - - - - - - Variation Test Run (Limited Verbosity) - - - - - - - - - - - -
INFO:alive_progress:- - - - - - - - - - - - - - - - - - - - - - - - - - - - - - - - - - - - - - - - - - - - 
INFO:alive_progress:Graph -Total 003Episode - T-Value -  Open Spots - Split Ratio 
INFO:alive_progress:EPSD-000-TVAL0.4-OPEN0.1-MIXD0.4
on 0: INFO:alive_progress:	Iteration   0 : CTF : 0.0000
on 10: INFO:alive_progress:	Iteration  10 : CTF : 0.7341
on 20: INFO:alive_progress:	Iteration  20 : CTF : 0.7839
on 30: INFO:alive_progress:	Iteration  30 : CTF : 0.8053
on 40: INFO:alive_progress:	Iteration  40 : CTF : 0.8152
on 50: INFO:alive_progress:	Graph-000: 0.8185149687094774
INFO:alive_progress:	Average Run Reults 3:{0: 0.5329533912650942, 1: 0.5740824392998306, 2: 0.6133438699480696, 3: 0.6412282682321065, 4: 0.6680961516758831, 5: 0.6840085769100553, 6: 0.6946638086642599, 7: 0.7063765010993968, 8: 0.7214861588769239, 9: 0.7341043723554301, 10: 0.7428539211817106, 11: 0.7478153013474658, 12: 0.7552723581820232, 13: 0.7632484903211242, 14: 0.7679941335740073, 15: 0.774706678700361, 16: 0.7786177715091679, 17: 0.7785045674974626, 18: 0.783562725631769, 19: 0.7839011732851986, 20: 0.7850620067643743, 21: 0.7889214801444043, 22: 0.7931306750888275, 23: 0.7973262635379061, 24: 0.7973605549602392, 25: 0.7976666854534182, 26: 0.8008235559566786, 27: 0.801803833145434, 28: 0.8031567080045096, 29: 0.805293752469101, 30: 0.8064734408480884, 31: 0.8068444494559396, 32: 0.8099373977779031, 33: 0.8115336869427829, 34: 0.8135966149506347, 35: 0.8141043723554302, 36: 0.8141737610644416, 37: 0.8156024368231047, 38: 0.8141672776493147, 39: 0.8152265929228512, 40: 0.8164232135807343, 41: 0.8176895306859205, 42: 0.8184535559190119, 43: 0.817776775139586, 44: 0.8176586741889986, 45: 0.8179663694842568, 46: 0.8174947831481586, 47: 0.8187098229389873, 48: 0.8178947961887579, 49: 0.8185149687094774}
INFO:alive_progress:EPSD-001-TVAL0.4-OPEN0.1-MIXD0.4
on 0: INFO:alive_progress:	Iteration   0 : CTF : 0.0000
on 10: INFO:alive_progress:	Iteration  10 : CTF : 0.7343
on 20: INFO:alive_progress:	Iteration  20 : CTF : 0.7923
on 30: INFO:alive_progress:	Iteration  30 : CTF : 0.8112
on 40: INFO:alive_progress:	Iteration  40 : CTF : 0.8189
on 50: INFO:alive_progress:	Graph-001: 0.8237582454755595
INFO:alive_progress:	Average Run Reults 3:{0: 1.061143469711959, 1: 1.1412474604563891, 2: 1.2180160288466138, 3: 1.281205682122564, 4: 1.3269907488643886, 5: 1.3649160773333298, 6: 1.3907842552640117, 7: 1.4213872149823334, 8: 1.4491025199488563, 9: 1.468400075524484, 10: 1.4945726183529042, 11: 1.5039815362838325, 12: 1.5242516739685306, 13: 1.533259764278283, 14: 1.5474746676886053, 15: 1.5537934881704851, 16: 1.5635670387019527, 17: 1.5645206810813264, 18: 1.574177867587605, 19: 1.5762275015290435, 20: 1.5800104196865146, 21: 1.5884705218580457, 22: 1.5964897462718293, 23: 1.600990299614569, 24: 1.6045046194145747, 25: 1.6057446484998357, 26: 1.608418350029584, 27: 1.611217587373168, 28: 1.6137375858004417, 29: 1.616543259316872, 30: 1.618043968112622, 31: 1.6180450804774056, 32: 1.6247125583774749, 33: 1.6273172269653309, 34: 1.6301749988117864, 35: 1.6315226361660278, 36: 1.6318791594640811, 37: 1.6349067160134978, 38: 1.6328869891335929, 39: 1.6341668409499086, 40: 1.6359483390671705, 41: 1.6387938113243505, 42: 1.6391369888726603, 43: 1.6384644865262827, 44: 1.6395000227823346, 45: 1.6396084130164548, 46: 1.6398999249421484, 47: 1.6417086955432714, 48: 1.6406910287757523, 49: 1.642273214185037}
INFO:alive_progress:EPSD-002-TVAL0.4-OPEN0.1-MIXD0.4
on 0: INFO:alive_progress:	Iteration   0 : CTF : 0.0000
on 10: INFO:alive_progress:	Iteration  10 : CTF : 0.7361
on 20: INFO:alive_progress:	Iteration  20 : CTF : 0.7849
on 30: INFO:alive_progress:	Iteration  30 : CTF : 0.8073
on 40: INFO:alive_progress:	Iteration  40 : CTF : 0.8166
on 50: INFO:alive_progress:	Graph-002: 0.8246691072937201
INFO:alive_progress:	Average Run Reults 3:{0: 1.6003735442208775, 1: 1.7241810345858548, 2: 1.8350937420358457, 3: 1.9351364908589486, 4: 1.9977382805992265, 5: 2.0537698679470484, 6: 2.0991622524431373, 7: 2.140484535151586, 8: 2.1791098567060097, 9: 2.204479060009674, 10: 2.2394659712476113, 11: 2.2546579737133703, 12: 2.279384796712213, 13: 2.2965883961541644, 14: 2.316692421904386, 15: 2.326338747885109, 16: 2.3418649350416967, 17: 2.344340297766783, 18: 2.358788916065621, 19: 2.361176768721828, 20: 2.369439571311063, 21: 2.379338616559286, 22: 2.3914251701057925, 23: 2.3989712369559486, 24: 2.4057338965094206, 25: 2.408880930088283, 26: 2.4125897141784005, 27: 2.4162440722148224, 28: 2.4197691528804866, 29: 2.423871331470198, 30: 2.4275382456116352, 31: 2.4260820528045204, 32: 2.4350923622769454, 33: 2.4412339970115697, 34: 2.443259637603627, 35: 2.4445688108291614, 36: 2.4448016470711114, 37: 2.44917472007075, 38: 2.447831201913938, 39: 2.4507762273942153, 40: 2.4525210560908457, 41: 2.456141037457834, 42: 2.4567860365453753, 43: 2.4584588543100057, 44: 2.461127733286418, 45: 2.4627234812008343, 46: 2.4648773922697735, 47: 2.4668228250591366, 48: 2.4657755834544446, 49: 2.466942321478757}
INFO:alive_progress:- - - - - - - - - - - - - - - - - - - - - - - - - - - - - - - - - - - - - - - - - - - - 
INFO:alive_progress:- - - - - - - - - - - - - Variation Test Run (Limited Verbosity) - - - - - - - - - - - -
INFO:alive_progress:- - - - - - - - - - - - - - - - - - - - - - - - - - - - - - - - - - - - - - - - - - - - 
INFO:alive_progress:Graph -Total 003Episode - T-Value -  Open Spots - Split Ratio 
INFO:alive_progress:EPSD-000-TVAL0.4-OPEN0.1-MIXD0.4
on 0: INFO:alive_progress:	Iteration   0 : CTF : 0.0000
on 10: INFO:alive_progress:	Iteration  10 : CTF : 0.7283
on 20: INFO:alive_progress:	Iteration  20 : CTF : 0.7756
on 30: INFO:alive_progress:	Iteration  30 : CTF : 0.8038
on 40: INFO:alive_progress:	Iteration  40 : CTF : 0.8145
on 50: INFO:alive_progress:	Graph-000: 0.8161665162454874
INFO:alive_progress:	Average Run Reults 3:{0: 0.5372199334048197, 1: 0.5844009255601332, 2: 0.618472989737228, 3: 0.6381994584837545, 4: 0.6604220742579844, 5: 0.6801669675090253, 6: 0.6934837799717912, 7: 0.7034381527691526, 8: 0.7159379407616361, 9: 0.7283184842675088, 10: 0.7385292623737231, 11: 0.7435000845975974, 12: 0.7518038331454341, 13: 0.7552423900789177, 14: 0.7603385049365303, 15: 0.7607015960746715, 16: 0.7650775740479548, 17: 0.7708533077660594, 18: 0.7729375916939397, 19: 0.775552797833935, 20: 0.7800282087447109, 21: 0.782716606498195, 22: 0.7846309973501719, 23: 0.7889778880866426, 24: 0.7912558453997408, 25: 0.7947012401352875, 26: 0.7970785629688116, 27: 0.7972820570655238, 28: 0.8025596211309691, 29: 0.803836389280677, 30: 0.8034978843441467, 31: 0.8038231645426863, 32: 0.8069482826687722, 33: 0.8073430714567706, 34: 0.8086245772266065, 35: 0.8096796028880866, 36: 0.8106462163076577, 37: 0.8129334160230027, 38: 0.8147876600304551, 39: 0.814462041368427, 40: 0.8134723788049606, 41: 0.8139416840561728, 42: 0.8150696520218825, 43: 0.815439269200406, 44: 0.8148440584287406, 45: 0.8148440584287406, 46: 0.8157464328013084, 47: 0.8155208392081665, 48: 0.8163161752269268, 49: 0.8161665162454874}
INFO:alive_progress:EPSD-001-TVAL0.4-OPEN0.1-MIXD0.4
on 0: INFO:alive_progress:	Iteration   0 : CTF : 0.0000
on 10: INFO:alive_progress:	Iteration  10 : CTF : 0.7310
on 20: INFO:alive_progress:	Iteration  20 : CTF : 0.7825
on 30: INFO:alive_progress:	Iteration  30 : CTF : 0.8042
on 40: INFO:alive_progress:	Iteration  40 : CTF : 0.8187
on 50: INFO:alive_progress:	Graph-001: 0.8265478741400699
INFO:alive_progress:	Average Run Reults 3:{0: 1.0821304511036849, 1: 1.1628760088041086, 2: 1.2360336899066238, 3: 1.2886794133115353, 4: 1.327559125511089, 5: 1.361022836080131, 6: 1.3948718851517934, 7: 1.4141633134773968, 8: 1.4354391257294727, 9: 1.459274358322356, 10: 1.4802062739976933, 11: 1.491074543081352, 12: 1.5051465693936712, 13: 1.5095738986290614, 14: 1.5182047505663938, 15: 1.528080521484831, 16: 1.5384688097368613, 17: 1.5498273776645939, 18: 1.553960312559926, 19: 1.558021794451748, 20: 1.5646392572227268, 21: 1.5721457581227436, 22: 1.5762953140835767, 23: 1.5833888408163739, 24: 1.5875260578060737, 25: 1.5925046757872166, 26: 1.5965830953712663, 27: 1.5991406884369685, 28: 1.6050732884927457, 29: 1.608050711214307, 30: 1.609844049028811, 31: 1.6131645358875508, 32: 1.6147186672407807, 33: 1.6185212339969546, 34: 1.6200431648386227, 35: 1.6233774608362264, 36: 1.6255278397574884, 37: 1.6306846283834404, 38: 1.6318876543906153, 39: 1.6331204404665105, 40: 1.6317412844738437, 41: 1.6338097564472198, 42: 1.6339584156869338, 43: 1.6368295832332187, 44: 1.6364336863881543, 45: 1.6376474174999236, 46: 1.638861500985688, 47: 1.639679946763522, 48: 1.640700647591567, 49: 1.6427143903855574}
INFO:alive_progress:EPSD-002-TVAL0.4-OPEN0.1-MIXD0.4
on 0: INFO:alive_progress:	Iteration   0 : CTF : 0.0000
on 10: INFO:alive_progress:	Iteration  10 : CTF : 0.7255
on 20: INFO:alive_progress:	Iteration  20 : CTF : 0.7795
on 30: INFO:alive_progress:	Iteration  30 : CTF : 0.8023
on 40: INFO:alive_progress:	Iteration  40 : CTF : 0.8108
on 50: INFO:alive_progress:	Graph-002: 0.8223224351747463
INFO:alive_progress:	Average Run Reults 3:{0: 1.622277260815712, 1: 1.7486451093570936, 2: 1.8548288162604143, 3: 1.9375309286340705, 4: 1.9954853564061317, 5: 2.0475672648530505, 6: 2.093884579086913, 7: 2.1242264903727035, 8: 2.155504581095684, 9: 2.184823204194019, 10: 2.2121999520288513, 11: 2.226815022630012, 12: 2.2495189248238545, 13: 2.2623106100611796, 14: 2.2727440536001144, 15: 2.288902238286005, 16: 2.300306385220805, 17: 2.3188497303401414, 18: 2.3290421317676904, 19: 2.337541361385322, 20: 2.345399379022659, 21: 2.3542592125041577, 22: 2.3643090706376726, 23: 2.3713103475266477, 24: 2.3797895065486023, 25: 2.3865161791141594, 26: 2.3913276538465116, 27: 2.3977079267041166, 28: 2.405118399578795, 29: 2.4103055026460996, 30: 2.4125394364202624, 31: 2.417744085828333, 32: 2.4200174271054933, 33: 2.4254131182674414, 34: 2.4292314399231776, 35: 2.4336367618508827, 36: 2.4360689897011185, 37: 2.4406136264675156, 38: 2.4430413704163287, 39: 2.44388706955332, 40: 2.4446361400695116, 41: 2.446736269334254, 42: 2.4480128965396775, 43: 2.452350422441385, 44: 2.4537392106271625, 45: 2.4561724048231532, 46: 2.4580835979417195, 47: 2.460536767507603, 48: 2.462853973408929, 49: 2.4650368255603037}
INFO:alive_progress:- - - - - - - - - - - - - - - - - - - - - - - - - - - - - - - - - - - - - - - - - - - - 
INFO:alive_progress:- - - - - - - - - - - - - Variation Test Run (Limited Verbosity) - - - - - - - - - - - -
INFO:alive_progress:- - - - - - - - - - - - - - - - - - - - - - - - - - - - - - - - - - - - - - - - - - - - 
INFO:alive_progress:Graph -Total 003Episode - T-Value -  Open Spots - Split Ratio 
INFO:alive_progress:EPSD-000-TVAL0.2-OPEN0.2-MIXD0.4
on 0: INFO:alive_progress:	Iteration   0 : CTF : 0.0000
on 10: INFO:alive_progress:	Iteration  10 : CTF : 0.5443
on 20: INFO:alive_progress:	Iteration  20 : CTF : 0.5706
on 30: INFO:alive_progress:	Iteration  30 : CTF : 0.5762
on 40: INFO:alive_progress:	Iteration  40 : CTF : 0.6009
on 50: INFO:alive_progress:	Graph-000: 0.6237718802936194
INFO:alive_progress:	Average Run Reults 3:{0: 0.51438889515856, 1: 0.5258197415204018, 2: 0.5313717738747388, 3: 0.5302089215132694, 4: 0.5276915259978547, 5: 0.5389526015479351, 6: 0.5451310438319024, 7: 0.5388612742882964, 8: 0.5357768114305077, 9: 0.544345960593914, 10: 0.5484472049689441, 11: 0.5505389694678029, 12: 0.5599277366905663, 13: 0.5618859401468097, 14: 0.5683794466403163, 15: 0.5657033190336419, 16: 0.5643139469226426, 17: 0.5674195369847543, 18: 0.5624505928853755, 19: 0.5705815923207228, 20: 0.5754376058723885, 21: 0.5744368542878112, 22: 0.5632372030024267, 23: 0.5683562881011515, 24: 0.5739130434782609, 25: 0.5839498503416728, 26: 0.5845145987462586, 27: 0.5757609984751793, 28: 0.5755915739538036, 29: 0.5761563223583893, 30: 0.5771577044735653, 31: 0.5809986443741527, 32: 0.5879462268413918, 33: 0.5883416177135111, 34: 0.5934128015366363, 35: 0.5855311458745129, 36: 0.5926595143986448, 37: 0.6004857659286037, 38: 0.5942847461455921, 39: 0.6009376412110258, 40: 0.5988477180298237, 41: 0.5917306823316765, 42: 0.6118391323994578, 43: 0.6157059786597414, 44: 0.6095894279098661, 45: 0.6253599051544063, 46: 0.6196904654315409, 47: 0.6157844189593809, 48: 0.6174394307336082, 49: 0.6237718802936194}
INFO:alive_progress:EPSD-001-TVAL0.2-OPEN0.2-MIXD0.4
on 0: INFO:alive_progress:	Iteration   0 : CTF : 0.0000
on 10: INFO:alive_progress:	Iteration  10 : CTF : 0.5383
on 20: INFO:alive_progress:	Iteration  20 : CTF : 0.5763
on 30: INFO:alive_progress:	Iteration  30 : CTF : 0.5941
on 40: INFO:alive_progress:	Iteration  40 : CTF : 0.5978
on 50: INFO:alive_progress:	Graph-001: 0.6118577075098814
INFO:alive_progress:	Average Run Reults 3:{0: 1.0226272429748335, 1: 1.0394843377936938, 2: 1.0628687257826188, 3: 1.0564474950377023, 4: 1.052842545023429, 5: 1.0681486523236756, 6: 1.0723853040734102, 7: 1.0650196353696215, 8: 1.0675223952670674, 9: 1.0826599206435699, 10: 1.0875511435763248, 11: 1.0811558214346182, 12: 1.1049305599542592, 13: 1.1189522306968802, 14: 1.1221343873517786, 15: 1.1213027994651097, 16: 1.1264047123324417, 17: 1.1329363890143371, 18: 1.1352502315688282, 19: 1.1468814850548728, 20: 1.1487927576611257, 21: 1.1550273810195901, 22: 1.1358356104119258, 23: 1.1419213877117391, 24: 1.1579613613829798, 25: 1.1775058823922313, 26: 1.1768479132610217, 27: 1.159668006713527, 28: 1.1710661253588368, 29: 1.1702201977674853, 30: 1.1693030605281867, 31: 1.1764611422577804, 32: 1.1781166365017008, 33: 1.1804364793735902, 34: 1.1877982511525422, 35: 1.1799730799007218, 36: 1.1942970073404857, 37: 1.2092747401717125, 38: 1.1956963779920065, 39: 1.1987121554450972, 40: 1.1872855885204239, 41: 1.1808893497512134, 42: 1.2084512159680632, 43: 1.2133461299610455, 44: 1.210029931665443, 45: 1.2313196094266563, 46: 1.2179979407488895, 47: 1.2177826126825688, 48: 1.2203731401835376, 49: 1.2356295878035009}
INFO:alive_progress:EPSD-002-TVAL0.2-OPEN0.2-MIXD0.4
on 0: INFO:alive_progress:	Iteration   0 : CTF : 0.0000
on 10: INFO:alive_progress:	Iteration  10 : CTF : 0.5452
on 20: INFO:alive_progress:	Iteration  20 : CTF : 0.5640
on 30: INFO:alive_progress:	Iteration  30 : CTF : 0.5873
on 40: INFO:alive_progress:	Iteration  40 : CTF : 0.6069
on 50: INFO:alive_progress:	Graph-002: 0.609157116242308
INFO:alive_progress:	Average Run Reults 3:{0: 1.524037918970771, 1: 1.5641669894156967, 2: 1.599185673691643, 3: 1.5862742346956966, 4: 1.5930107830407045, 5: 1.6082254190881824, 6: 1.6127443015897795, 7: 1.6057386375706488, 8: 1.6220119262789754, 9: 1.6278527168949108, 10: 1.6325387254232429, 11: 1.6230458073302458, 12: 1.6576319657014504, 13: 1.6761128220522576, 14: 1.673877982882757, 15: 1.6707694736566556, 16: 1.6828695241164024, 17: 1.6916968315521559, 18: 1.6969845509952382, 19: 1.7108523637726334, 20: 1.7144618711563262, 21: 1.7244161727121234, 22: 1.7089581400561946, 23: 1.7188574906695173, 24: 1.7411347097737195, 25: 1.7538057751263814, 26: 1.7596544158575447, 27: 1.7419236118414425, 28: 1.755354824743261, 29: 1.7574886116852442, 30: 1.7582057473649444, 31: 1.7785394163866561, 32: 1.771679595282051, 33: 1.7747702453874736, 34: 1.7829100145302799, 35: 1.771829407906595, 36: 1.7934271474218233, 37: 1.8151830094893808, 38: 1.804335564892063, 39: 1.8056009188555997, 40: 1.7891034623983666, 41: 1.7849089963384657, 42: 1.8053219796372906, 43: 1.8161802066279003, 44: 1.8066420152340483, 45: 1.829230394293963, 46: 1.815162903757869, 47: 1.8164723963839298, 48: 1.8312990765713124, 49: 1.8447867040458088}
